<?xml version="1.0" encoding="UTF-8"?>
<testng-results ignored="0" total="1" passed="1" failed="0" skipped="0">
  <reporter-output>
  </reporter-output>
  <suite started-at="2025-11-15T12:35:27 IST" name="Default suite" finished-at="2025-11-15T12:35:40 IST" duration-ms="13396">
    <groups>
    </groups>
    <test started-at="2025-11-15T12:35:27 IST" name="Default test" finished-at="2025-11-15T12:35:40 IST" duration-ms="13396">
      <class name="com.example.SimpleTest">
        <test-method signature="openGoogleTest()[pri:0, instance:com.example.SimpleTest@26794848]" started-at="2025-11-15T12:35:27 IST" name="openGoogleTest" finished-at="2025-11-15T12:35:40 IST" duration-ms="13339" status="PASS">
          <reporter-output>
          </reporter-output>
        </test-method> <!-- openGoogleTest -->
      </class> <!-- com.example.SimpleTest -->
    </test> <!-- Default test -->
  </suite> <!-- Default suite -->
</testng-results>
